app/release/mapping.txt
# compiler: R8
# compiler_version: 9.4.14
# min_api: 29
# common_typos_disable
# {"id":"com.android.tools.r8.mapping","version":"2.2"}
# pg_map_id: bd676e71cc9b3b1bff4ecc3869f8879f3328037114a287c181d19e394b44b131
# pg_map_hash: SHA-256 bd676e71cc9b3b1bff4ecc3869f8879f3328037114a287c181d19e394b44b131
com.dimapp.android.homeyautomotive.HomeyCarAppService -> com.dimapp.android.homeyautomotive.HomeyCarAppService:
# {"id":"sourceFile","fileName":"HomeyCarAppService.kt"}
    0:3:void <init>():18:18 -> <init>
    0:5:androidx.car.app.validation.HostValidator createHostValidator():29:29 -> createHostValidator
    0:1:androidx.car.app.Session onCreateSession():38:38 -> onCreateSession
    2:5:void com.dimapp.android.homeyautomotive.HomeySession.<init>():50:50 -> onCreateSession
    2:5:androidx.car.app.Session onCreateSession():38 -> onCreateSession
com.dimapp.android.homeyautomotive.HomeySession -> mq:
# {"id":"sourceFile","fileName":"HomeyCarAppService.kt"}
    3:18:androidx.car.app.Screen onCreateScreen(android.content.Intent):64:64 -> onCreateScreen
com.dimapp.android.homeyautomotive.api.CompanionToken -> com.dimapp.android.homeyautomotive.api.CompanionToken:
# {"id":"sourceFile","fileName":"HomeyCompanionApiService.kt"}
    3:5:void <init>(java.lang.String,java.lang.String,java.lang.String,java.lang.String,java.lang.String,com.dimapp.android.homeyautomotive.api.UserPayload,com.dimapp.android.homeyautomotive.api.HomeLocationDto):80:80 -> <init>
    6:7:void <init>(java.lang.String,java.lang.String,java.lang.String,java.lang.String,java.lang.String,com.dimapp.android.homeyautomotive.api.UserPayload,com.dimapp.android.homeyautomotive.api.HomeLocationDto):81:81 -> <init>
    8:9:void <init>(java.lang.String,java.lang.String,java.lang.String,java.lang.String,java.lang.String,com.dimapp.android.homeyautomotive.api.UserPayload,com.dimapp.android.homeyautomotive.api.HomeLocationDto):82:82 -> <init>
    10:11:void <init>(java.lang.String,java.lang.String,java.lang.String,java.lang.String,java.lang.String,com.dimapp.android.homeyautomotive.api.UserPayload,com.dimapp.android.homeyautomotive.api.HomeLocationDto):83:83 -> <init>
    12:13:void <init>(java.lang.String,java.lang.String,java.lang.String,java.lang.String,java.lang.String,com.dimapp.android.homeyautomotive.api.UserPayload,com.dimapp.android.homeyautomotive.api.HomeLocationDto):84:84 -> <init>
com.dimapp.android.homeyautomotive.api.GeofenceConfigDto -> com.dimapp.android.homeyautomotive.api.GeofenceConfigDto:
# {"id":"sourceFile","fileName":"HomeyCompanionApiService.kt"}
    4:5:void <init>(java.util.List,int,kotlin.jvm.internal.DefaultConstructorMarker):54:54 -> <init>
      # {"id":"com.android.tools.r8.residualsignature","signature":"(Ljava/util/List;ILge;)V"}
    6:9:void <init>(java.util.List,int,kotlin.jvm.internal.DefaultConstructorMarker):53:53 -> <init>
    10:11:void <init>(java.util.List):53:54 -> <init>
    12:12:void <init>():0:0 -> <init>
    0:2:java.util.List getDeviceIds():54:54 -> getDeviceIds
com.dimapp.android.homeyautomotive.api.HomeLocationDto -> com.dimapp.android.homeyautomotive.api.HomeLocationDto:
# {"id":"sourceFile","fileName":"HomeyCompanionApiService.kt"}
    0:2:void <init>(double,double):45:45 -> <init>
    3:4:void <init>(double,double):46:46 -> <init>
    5:7:void <init>(double,double):47:47 -> <init>
    0:2:double getLatitude():46:46 -> getLatitude
    0:2:double getLongitude():47:47 -> getLongitude
...
androidx.car.app.hardware.climate.SeatTemperatureProfile -> androidx.car.app.hardware.climate.SeatTemperatureProfile:
# {"id":"sourceFile","fileName":"SeatTemperatureProfile.java"}
    0:2:void <init>(androidx.car.app.hardware.climate.SeatTemperatureProfile$Builder):52:52 -> <init>
    3:11:void <init>(androidx.car.app.hardware.climate.SeatTemperatureProfile$Builder):53:53 -> <init>
    0:2:java.util.Map getCarZoneSetsToSeatTemperatureValues():49:49 -> getCarZoneSetsToSeatTemperatureValues
androidx.car.app.hardware.climate.SeatTemperatureProfile$Builder -> androidx.car.app.hardware.climate.SeatTemperatureProfile$Builder:
# {"id":"sourceFile","fileName":"SeatTemperatureProfile.java"}
    0:2:void <init>(java.util.Map):76:76 -> <init>
    3:9:void <init>(java.util.Map):77:77 -> <init>
    0:5:androidx.car.app.hardware.climate.SeatTemperatureProfile build():83:83 -> build
androidx.car.app.hardware.climate.SeatVentilationProfile -> androidx.car.app.hardware.climate.SeatVentilationProfile:
# {"id":"sourceFile","fileName":"SeatVentilationProfile.java"}
    0:2:void <init>(androidx.car.app.hardware.climate.SeatVentilationProfile$Builder):52:52 -> <init>
    3:11:void <init>(androidx.car.app.hardware.climate.SeatVentilationProfile$Builder):53:53 -> <init>
    0:2:java.util.Map getCarZoneSetsToSeatVentilationValues():49:49 -> getCarZoneSetsToSeatVentilationValues
androidx.car.app.hardware.climate.SeatVentilationProfile$Builder -> androidx.car.app.hardware.climate.SeatVentilationProfile$Builder:
# {"id":"sourceFile","fileName":"SeatVentilationProfile.java"}
    0:2:void <init>(java.util.Map):75:75 -> <init>
    3:9:void <init>(java.util.Map):76:76 -> <init>
    0:5:androidx.car.app.hardware.climate.SeatVentilationProfile build():82:82 -> build
androidx.car.app.hardware.climate.SteeringWheelHeatProfile -> androidx.car.app.hardware.climate.SteeringWheelHeatProfile:
# {"id":"sourceFile","fileName":"SteeringWheelHeatProfile.java"}
    0:2:void <init>(androidx.car.app.hardware.climate.SteeringWheelHeatProfile$Builder):52:52 -> <init>
    3:11:void <init>(androidx.car.app.hardware.climate.SteeringWheelHeatProfile$Builder):53:53 -> <init>
    0:2:java.util.Map getCarZoneSetsToSteeringWheelHeatValues():49:49 -> getCarZoneSetsToSteeringWheelHeatValues
androidx.car.app.hardware.climate.SteeringWheelHeatProfile$Builder -> androidx.car.app.hardware.climate.SteeringWheelHeatProfile$Builder:
# {"id":"sourceFile","fileName":"SteeringWheelHeatProfile.java"}
    0:2:void <init>(java.util.Map):78:78 -> <init>
    3:9:void <init>(java.util.Map):79:79 -> <init>
    0:5:androidx.car.app.hardware.climate.SteeringWheelHeatProfile build():85:85 -> build
androidx.car.app.hardware.common.AutoValue_CarInternalError -> androidx.car.app.hardware.common.AutoValue_CarInternalError:
# {"id":"sourceFile","fileName":"AutoValue_CarInternalError.java"}
    0:2:void <init>(int,int,int):17:17 -> <init>
    3:4:void <init>(int,int,int):18:18 -> <init>
    5:6:void <init>(int,int,int):19:19 -> <init>
    7:9:void <init>(int,int,int):20:20 -> <init>
    4:8:boolean equals(java.lang.Object):53:53 -> equals
    9:10:boolean equals(java.lang.Object):54:54 -> equals
    11:20:boolean equals(java.lang.Object):55:55 -> equals
    21:28:boolean equals(java.lang.Object):56:56 -> equals
    29:36:boolean equals(java.lang.Object):57:57 -> equals
    0:2:int getAreaId():30:30 -> getAreaId
    0:2:int getErrorCode():36:36 -> getErrorCode
    0:2:int getPropertyId():25:25 -> getPropertyId
    0:6:int hashCode():66:66 -> hashCode
    7:10:int hashCode():68:68 -> hashCode
    11:14:int hashCode():70:70 -> hashCode
    0:41:java.lang.String toString():41:41 -> toString